<?xml version="1.0" encoding="UTF-8"?>
<testng-results ignored="0" total="1" passed="1" failed="0" skipped="0">
  <reporter-output>
  </reporter-output>
  <suite started-at="2022-07-25T23:29:18 IST" name="Default suite" finished-at="2022-07-25T23:30:43 IST" duration-ms="85035">
    <groups>
    </groups>
    <test started-at="2022-07-25T23:29:18 IST" name="Default test" finished-at="2022-07-25T23:30:43 IST" duration-ms="85035">
      <class name="seleniumPractise.Calender1">
        <test-method is-config="true" signature="setup()[pri:0, instance:seleniumPractise.Calender1@173ed316]" started-at="2022-07-25T23:29:18 IST" name="setup" finished-at="2022-07-25T23:30:02 IST" duration-ms="43179" status="PASS">
          <reporter-output>
          </reporter-output>
        </test-method> <!-- setup -->
        <test-method signature="calenderDateHandleTest()[pri:0, instance:seleniumPractise.Calender1@173ed316]" started-at="2022-07-25T23:30:02 IST" name="calenderDateHandleTest" finished-at="2022-07-25T23:30:43 IST" duration-ms="41769" status="PASS">
          <reporter-output>
          </reporter-output>
        </test-method> <!-- calenderDateHandleTest -->
      </class> <!-- seleniumPractise.Calender1 -->
    </test> <!-- Default test -->
  </suite> <!-- Default suite -->
</testng-results>
