<?xml version="1.0" encoding="UTF-8"?>
<!-- Generated by org.testng.reporters.JUnitXMLReporter -->
<testsuite ignored="0" hostname="DESKTOP-N054NMB" failures="4" tests="11" name="TestClassesConfigurationTest" time="31.507" errors="0" timestamp="2022-02-05T17:48:02 IST">
  <testcase classname="com.test.GoogleTest" name="verifyGmailLink" time="0.4"/>
  <testcase classname="com.test.GoogleTest" name="googleLogoTest" time="0.5"/>
  <testcase classname="com.test.GoogleTest" name="googleTitleTest" time="0.018"/>
  <testcase classname="com.test.GoogleTest" name="test1" time="0.002"/>
  <testcase classname="com.test.GoogleTest" name="test2" time="0.003"/>
  <testcase classname="com.test.GoogleTest" name="test3" time="0.002"/>
  <testcase classname="com.test.GoogleTest1" name="VerifyImagesLink" time="3.014">
    <failure type="java.lang.NullPointerException" message="Cannot invoke &amp;quot;org.openqa.selenium.WebDriver.findElement(org.openqa.selenium.By)&amp;quot; because &amp;quot;this.driver&amp;quot; is null">
      <![CDATA[java.lang.NullPointerException: Cannot invoke "org.openqa.selenium.WebDriver.findElement(org.openqa.selenium.By)" because "this.driver" is null
at com.test.GoogleTest1.VerifyImagesLink(GoogleTest1.java:28)
at java.base/java.util.ArrayList.forEach(ArrayList.java:1511)
... Removed 27 stack frames]]>
    </failure>
  </testcase> <!-- VerifyImagesLink -->
  <testcase classname="com.test.GoogleTest1" name="clickImagesLinki" time="3.012">
    <failure type="java.lang.NullPointerException" message="Cannot invoke &amp;quot;org.openqa.selenium.WebDriver.findElement(org.openqa.selenium.By)&amp;quot; because &amp;quot;this.driver&amp;quot; is null">
      <![CDATA[java.lang.NullPointerException: Cannot invoke "org.openqa.selenium.WebDriver.findElement(org.openqa.selenium.By)" because "this.driver" is null
at com.test.GoogleTest1.clickImagesLinki(GoogleTest1.java:35)
at java.base/java.util.ArrayList.forEach(ArrayList.java:1511)
... Removed 27 stack frames]]>
    </failure>
  </testcase> <!-- clickImagesLinki -->
  <testcase classname="com.test.GoogleTest1" name="googleGmailTitleTest" time="3.018">
    <failure type="java.lang.NullPointerException" message="Cannot invoke &amp;quot;org.openqa.selenium.WebDriver.findElement(org.openqa.selenium.By)&amp;quot; because &amp;quot;this.driver&amp;quot; is null">
      <![CDATA[java.lang.NullPointerException: Cannot invoke "org.openqa.selenium.WebDriver.findElement(org.openqa.selenium.By)" because "this.driver" is null
at com.test.GoogleTest1.googleGmailTitleTest(GoogleTest1.java:21)
at java.base/java.util.ArrayList.forEach(ArrayList.java:1511)
... Removed 27 stack frames]]>
    </failure>
  </testcase> <!-- googleGmailTitleTest -->
  <testcase classname="com.test.GoogleTest1" name="nameOfTheSite3" time="0.006"/>
  <testcase classname="com.test.GoogleTest1" name="verifyHindiIsNotAvailablePostClickingImages" time="3.018">
    <failure type="java.lang.NullPointerException" message="Cannot invoke &amp;quot;org.openqa.selenium.WebDriver.findElement(org.openqa.selenium.By)&amp;quot; because &amp;quot;this.driver&amp;quot; is null">
      <![CDATA[java.lang.NullPointerException: Cannot invoke "org.openqa.selenium.WebDriver.findElement(org.openqa.selenium.By)" because "this.driver" is null
at com.test.GoogleTest1.verifyHindiIsNotAvailablePostClickingImages(GoogleTest1.java:43)
at java.base/java.util.ArrayList.forEach(ArrayList.java:1511)
... Removed 27 stack frames]]>
    </failure>
  </testcase> <!-- verifyHindiIsNotAvailablePostClickingImages -->
</testsuite> <!-- TestClassesConfigurationTest -->
